
Circuit 1 cell sky130_fd_pr__nfet_01v8_lvt and Circuit 2 cell sky130_fd_pr__nfet_01v8_lvt are black boxes.
Equate elements:  no current cell.
Device classes sky130_fd_pr__nfet_01v8_lvt and sky130_fd_pr__nfet_01v8_lvt are equivalent.

Circuit 1 cell sky130_fd_pr__pfet_01v8_lvt and Circuit 2 cell sky130_fd_pr__pfet_01v8_lvt are black boxes.
Equate elements:  no current cell.
Device classes sky130_fd_pr__pfet_01v8_lvt and sky130_fd_pr__pfet_01v8_lvt are equivalent.

Circuit 1 cell sky130_fd_pr__pfet_01v8 and Circuit 2 cell sky130_fd_pr__pfet_01v8 are black boxes.
Equate elements:  no current cell.
Device classes sky130_fd_pr__pfet_01v8 and sky130_fd_pr__pfet_01v8 are equivalent.

Circuit 1 cell sky130_fd_pr__cap_mim_m3_1 and Circuit 2 cell sky130_fd_pr__cap_mim_m3_1 are black boxes.
Equate elements:  no current cell.
Device classes sky130_fd_pr__cap_mim_m3_1 and sky130_fd_pr__cap_mim_m3_1 are equivalent.
Flattening unmatched subcell sky130_fd_pr__nfet_01v8_lvt_62AYNZ in circuit mdls_inv (0)(2 instances)
Flattening unmatched subcell sky130_fd_pr__nfet_01v8_lvt_P9XYHJ in circuit mdls_inv (0)(4 instances)
Flattening unmatched subcell sky130_fd_pr__pfet_01v8_lvt_G2G9KE in circuit mdls_inv (0)(2 instances)
Flattening unmatched subcell sky130_fd_pr__pfet_01v8_lvt_NCVK88 in circuit mdls_inv (0)(1 instance)
Flattening unmatched subcell sky130_fd_pr__nfet_01v8_lvt_P34KHJ in circuit mdls_inv (0)(2 instances)

Cell mdls_inv (0) disconnected node: a_2701_260#
Class mdls_inv (0):  Merged 5 parallel devices.
Cell mdls_inv (0) disconnected node: a_2701_260#
Subcircuit summary:
Circuit 1: mdls_inv                        |Circuit 2: mdls_inv                        
-------------------------------------------|-------------------------------------------
sky130_fd_pr__nfet_01v8_lvt (8->3)         |sky130_fd_pr__nfet_01v8_lvt (8->3)         
sky130_fd_pr__pfet_01v8_lvt (3)            |sky130_fd_pr__pfet_01v8_lvt (3)            
Number of devices: 6                       |Number of devices: 6                       
Number of nets: 6                          |Number of nets: 6                          
---------------------------------------------------------------------------------------
Netlists match uniquely with port errors.

Subcircuit pins:
Circuit 1: mdls_inv                        |Circuit 2: mdls_inv                        
-------------------------------------------|-------------------------------------------
SS                                         |SS                                         
DD                                         |DD                                         
OUT                                        |OUT                                        
IN                                         |IN                                         
a_2701_260#                                |(no matching pin)                          
---------------------------------------------------------------------------------------
Cell pin lists are equivalent.
Device classes mdls_inv and mdls_inv are equivalent.
  Flattening non-matched subcircuits mdls_inv mdls_inv
Flattening unmatched subcell sky130_fd_pr__nfet_01v8_lvt_P9XYHJ in circuit ring_100mV_buffer (0)(24 instances)
Flattening unmatched subcell sky130_fd_pr__pfet_01v8_lvt_G2G9KE in circuit ring_100mV_buffer (0)(6 instances)

Class ring_100mV_buffer (0):  Merged 26 parallel devices.
Subcircuit summary:
Circuit 1: ring_100mV_buffer               |Circuit 2: ring_100mV_buffer               
-------------------------------------------|-------------------------------------------
sky130_fd_pr__nfet_01v8_lvt (24->2)        |sky130_fd_pr__nfet_01v8_lvt (24->2)        
sky130_fd_pr__pfet_01v8_lvt (6->2)         |sky130_fd_pr__pfet_01v8_lvt (6->2)         
Number of devices: 4                       |Number of devices: 4                       
Number of nets: 5                          |Number of nets: 5                          
---------------------------------------------------------------------------------------
Netlists match uniquely.

Subcircuit pins:
Circuit 1: ring_100mV_buffer               |Circuit 2: ring_100mV_buffer               
-------------------------------------------|-------------------------------------------
SS                                         |SS                                         
DD                                         |DD                                         
IN                                         |IN                                         
OUT                                        |OUT                                        
---------------------------------------------------------------------------------------
Cell pin lists are equivalent.
Device classes ring_100mV_buffer and ring_100mV_buffer are equivalent.
Flattening unmatched subcell sky130_fd_pr__nfet_01v8_lvt_4HNDKD in circuit iref_2nA_igenerator (0)(1 instance)
Flattening unmatched subcell sky130_fd_pr__nfet_01v8_lvt_C9VRMX in circuit iref_2nA_igenerator (0)(6 instances)

Class iref_2nA_igenerator (0):  Merged 3 parallel devices.
Subcircuit summary:
Circuit 1: iref_2nA_igenerator             |Circuit 2: iref_2nA_igenerator             
-------------------------------------------|-------------------------------------------
sky130_fd_pr__nfet_01v8_lvt (7->4)         |sky130_fd_pr__nfet_01v8_lvt (7->4)         
Number of devices: 4                       |Number of devices: 4                       
Number of nets: 6                          |Number of nets: 6                          
---------------------------------------------------------------------------------------
Netlists match uniquely.

Subcircuit pins:
Circuit 1: iref_2nA_igenerator             |Circuit 2: iref_2nA_igenerator             
-------------------------------------------|-------------------------------------------
Vg                                         |Vg                                         
SS                                         |SS                                         
Ip1                                        |Ip1                                        
Ip2                                        |Ip2                                        
VCTAT                                      |VCTAT                                      
---------------------------------------------------------------------------------------
Cell pin lists are equivalent.
Device classes iref_2nA_igenerator and iref_2nA_igenerator are equivalent.
Flattening unmatched subcell sky130_fd_pr__pfet_01v8_lvt_NTRJ8S in circuit iref_2nA_mirrors (0)(40 instances)
Flattening unmatched subcell sky130_fd_pr__pfet_01v8_lvt_WCVK8S in circuit iref_2nA_mirrors (0)(8 instances)
Flattening unmatched subcell sky130_fd_pr__nfet_01v8_lvt_C9VRMX in circuit iref_2nA_mirrors (0)(8 instances)

Class iref_2nA_mirrors (0):  Merged 39 parallel devices.
Subcircuit summary:
Circuit 1: iref_2nA_mirrors                |Circuit 2: iref_2nA_mirrors                
-------------------------------------------|-------------------------------------------
sky130_fd_pr__pfet_01v8_lvt (48->13)       |sky130_fd_pr__pfet_01v8_lvt (48->13)       
sky130_fd_pr__nfet_01v8_lvt (8->4)         |sky130_fd_pr__nfet_01v8_lvt (8->4)         
Number of devices: 17                      |Number of devices: 17                      
Number of nets: 14                         |Number of nets: 14                         
---------------------------------------------------------------------------------------
Netlists match uniquely.

Subcircuit pins:
Circuit 1: iref_2nA_mirrors                |Circuit 2: iref_2nA_mirrors                
-------------------------------------------|-------------------------------------------
SS                                         |SS                                         
Iref                                       |Iref                                       
Ip2                                        |Ip2                                        
Ip1                                        |Ip1                                        
DD                                         |DD                                         
Vg                                         |Vg                                         
---------------------------------------------------------------------------------------
Cell pin lists are equivalent.
Device classes iref_2nA_mirrors and iref_2nA_mirrors are equivalent.

Class iref_2nA_vref (0):  Merged 3 parallel devices.
Subcircuit summary:
Circuit 1: iref_2nA_vref                   |Circuit 2: iref_2nA_vref                   
-------------------------------------------|-------------------------------------------
sky130_fd_pr__pfet_01v8 (5->2)             |sky130_fd_pr__pfet_01v8 (5->2)             
sky130_fd_pr__pfet_01v8_lvt (3)            |sky130_fd_pr__pfet_01v8_lvt (3)            
Number of devices: 5                       |Number of devices: 5                       
Number of nets: 5                          |Number of nets: 5                          
---------------------------------------------------------------------------------------
Netlists match uniquely.

Subcircuit pins:
Circuit 1: iref_2nA_vref                   |Circuit 2: iref_2nA_vref                   
-------------------------------------------|-------------------------------------------
DD                                         |DD                                         
SS                                         |SS                                         
VREF                                       |VREF                                       
---------------------------------------------------------------------------------------
Cell pin lists are equivalent.
Device classes iref_2nA_vref and iref_2nA_vref are equivalent.

Circuit 1 cell sky130_fd_pr__nfet_01v8 and Circuit 2 cell sky130_fd_pr__nfet_01v8 are black boxes.
Equate elements:  no current cell.
Device classes sky130_fd_pr__nfet_01v8 and sky130_fd_pr__nfet_01v8 are equivalent.
Flattening unmatched subcell sky130_fd_pr__nfet_01v8_lvt_5VYM7K in circuit ldo (0)(10 instances)
Flattening unmatched subcell sky130_fd_pr__pfet_01v8_TRB9BZ in circuit ldo (0)(6 instances)
Flattening unmatched subcell sky130_fd_pr__pfet_01v8_lvt_8D4JM4 in circuit ldo (0)(2 instances)
Flattening unmatched subcell sky130_fd_pr__cap_mim_m3_1_4FSB7X in circuit ldo (0)(1 instance)
Flattening unmatched subcell sky130_fd_pr__pfet_01v8_lvt_EFQJD4 in circuit ldo (0)(1 instance)
Flattening unmatched subcell sky130_fd_pr__nfet_01v8_lvt_W6ELF5 in circuit ldo (0)(1 instance)

Class ldo (0):  Merged 11 parallel devices.
Subcircuit summary:
Circuit 1: ldo                             |Circuit 2: ldo                             
-------------------------------------------|-------------------------------------------
sky130_fd_pr__nfet_01v8_lvt (12->5)        |sky130_fd_pr__nfet_01v8_lvt (12->5)        
sky130_fd_pr__pfet_01v8 (6->3)             |sky130_fd_pr__pfet_01v8 (6->3)             
sky130_fd_pr__pfet_01v8_lvt (3->2)         |sky130_fd_pr__pfet_01v8_lvt (3->2)         
sky130_fd_pr__cap_mim_m3_1 (1)             |sky130_fd_pr__cap_mim_m3_1 (1)             
Number of devices: 11                      |Number of devices: 11                      
Number of nets: 9                          |Number of nets: 9                          
---------------------------------------------------------------------------------------
Netlists match uniquely.

Subcircuit pins:
Circuit 1: ldo                             |Circuit 2: ldo                             
-------------------------------------------|-------------------------------------------
VB                                         |VB                                         
VS                                         |VS                                         
DD                                         |DD                                         
SS                                         |SS                                         
Iref                                       |Iref                                       
OUT                                        |OUT                                        
---------------------------------------------------------------------------------------
Cell pin lists are equivalent.
Device classes ldo and ldo are equivalent.

Subcircuit summary:
Circuit 1: ring_100mV                      |Circuit 2: ring_100mV                      
-------------------------------------------|-------------------------------------------
sky130_fd_pr__nfet_01v8_lvt (80->30)       |sky130_fd_pr__nfet_01v8_lvt (80->30)       
sky130_fd_pr__pfet_01v8_lvt (30)           |sky130_fd_pr__pfet_01v8_lvt (30)           
ring_100mV_buffer (1)                      |ring_100mV_buffer (1)                      
Number of devices: 61                      |Number of devices: 61                      
Number of nets: 33                         |Number of nets: 33                         
---------------------------------------------------------------------------------------
Netlists match uniquely.

Subcircuit pins:
Circuit 1: ring_100mV                      |Circuit 2: ring_100mV                      
-------------------------------------------|-------------------------------------------
ring_100mV_buffer_0/OUT                    |OUT **Mismatch**                           
DD                                         |DD                                         
SS                                         |SS                                         
---------------------------------------------------------------------------------------
Cell pin lists for ring_100mV and ring_100mV altered to match.
Device classes ring_100mV and ring_100mV are equivalent.

Subcircuit summary:
Circuit 1: iref_2nA                        |Circuit 2: iref_2nA                        
-------------------------------------------|-------------------------------------------
iref_2nA_igenerator (1)                    |iref_2nA_igenerator (1)                    
iref_2nA_mirrors (1)                       |iref_2nA_mirrors (1)                       
iref_2nA_vref (1)                          |iref_2nA_vref (1)                          
Number of devices: 3                       |Number of devices: 3                       
Number of nets: 7                          |Number of nets: 7                          
---------------------------------------------------------------------------------------
Netlists match uniquely.

Subcircuit pins:
Circuit 1: iref_2nA                        |Circuit 2: iref_2nA                        
-------------------------------------------|-------------------------------------------
IREF                                       |IREF                                       
SS                                         |SS                                         
DD                                         |DD                                         
---------------------------------------------------------------------------------------
Cell pin lists are equivalent.
Device classes iref_2nA and iref_2nA are equivalent.

Class vref01 (0):  Merged 1 parallel devices.
Subcircuit summary:
Circuit 1: vref01                          |Circuit 2: vref01                          
-------------------------------------------|-------------------------------------------
sky130_fd_pr__nfet_01v8 (1)                |sky130_fd_pr__nfet_01v8 (1)                
sky130_fd_pr__nfet_01v8_lvt (3->2)         |sky130_fd_pr__nfet_01v8_lvt (3->2)         
sky130_fd_pr__diode_pd2nw_05v5_lvt (1)     |sky130_fd_pr__diode_pd2nw_05v5_lvt (1)     
Number of devices: 4                       |Number of devices: 4                       
Number of nets: 4                          |Number of nets: 4                          
---------------------------------------------------------------------------------------
Netlists match uniquely.

Subcircuit pins:
Circuit 1: vref01                          |Circuit 2: vref01                          
-------------------------------------------|-------------------------------------------
DD                                         |DD                                         
VREF                                       |VREF                                       
SS                                         |SS                                         
---------------------------------------------------------------------------------------
Cell pin lists are equivalent.
Device classes vref01 and vref01 are equivalent.

Subcircuit summary:
Circuit 1: pmu_circuits.spice              |Circuit 2: pmu_circuits_sch.spice          
-------------------------------------------|-------------------------------------------
ldo (1)                                    |ldo (1)                                    
ring_100mV (1)                             |ring_100mV (1)                             
iref_2nA (1)                               |iref_2nA (1)                               
vref01 (1)                                 |vref01 (1)                                 
Number of devices: 4                       |Number of devices: 4                       
Number of nets: 10                         |Number of nets: 10                         
---------------------------------------------------------------------------------------
Netlists match uniquely.
Cells have no pins;  pin matching not needed.
Device classes pmu_circuits.spice and pmu_circuits_sch.spice are equivalent.

Final result: Circuits match uniquely.
.
