
Circuit 1 cell sky130_fd_pr__nfet_01v8_lvt and Circuit 2 cell sky130_fd_pr__nfet_01v8_lvt are black boxes.
Equate elements:  no current cell.
Device classes sky130_fd_pr__nfet_01v8_lvt and sky130_fd_pr__nfet_01v8_lvt are equivalent.

Circuit 1 cell sky130_fd_pr__pfet_01v8_lvt and Circuit 2 cell sky130_fd_pr__pfet_01v8_lvt are black boxes.
Equate elements:  no current cell.
Device classes sky130_fd_pr__pfet_01v8_lvt and sky130_fd_pr__pfet_01v8_lvt are equivalent.

Circuit 1 cell sky130_fd_pr__pfet_01v8 and Circuit 2 cell sky130_fd_pr__pfet_01v8 are black boxes.
Equate elements:  no current cell.
Device classes sky130_fd_pr__pfet_01v8 and sky130_fd_pr__pfet_01v8 are equivalent.
Flattening unmatched subcell iref_2nA_igenerator in circuit iref_2nA_sch.spice (1)(1 instance)
Flattening unmatched subcell iref_2nA_mirrors in circuit iref_2nA_sch.spice (1)(1 instance)
Flattening unmatched subcell iref_2nA_vref in circuit iref_2nA_sch.spice (1)(1 instance)

Class iref_2nA.spice (0):  Merged 46 parallel devices.
Class iref_2nA_sch.spice (1):  Merged 1 parallel devices.
Subcircuit summary:
Circuit 1: iref_2nA.spice                  |Circuit 2: iref_2nA_sch.spice              
-------------------------------------------|-------------------------------------------
sky130_fd_pr__pfet_01v8_lvt (51->16)       |sky130_fd_pr__pfet_01v8_lvt (51->16)       
sky130_fd_pr__pfet_01v8 (5->2)             |sky130_fd_pr__pfet_01v8 (5->2)             
sky130_fd_pr__nfet_01v8_lvt (15->7)        |sky130_fd_pr__nfet_01v8_lvt (15->7)        
Number of devices: 25                      |Number of devices: 25                      
Number of nets: 18                         |Number of nets: 18                         
---------------------------------------------------------------------------------------
Netlists match uniquely.
Cells have no pins;  pin matching not needed.
Device classes iref_2nA.spice and iref_2nA_sch.spice are equivalent.

Final result: Circuits match uniquely.
.
